<?xml version="1.0" encoding="UTF-8"?>
<!-- Generated by org.testng.reporters.JUnitXMLReporter -->
<testsuite hostname="sslw-01303" name="StarRating" tests="1" failures="1" timestamp="19 Aug 2016 15:57:04 GMT" time="36.425" errors="0">
  <testcase name="testStarRatingNG" time="32.643" classname="UserRegistration.StarRating_NG">
    <failure type="java.lang.AssertionError" message="timeout">
      <![CDATA[java.lang.AssertionError: timeout
	at UserRegistration.StarRating_NG.testStarRatingNG(StarRating_NG.java:30)
... Removed 25 stack frames]]>
    </failure>
  </testcase> <!-- testStarRatingNG -->
</testsuite> <!-- StarRating -->
